<?xml version="1.0" encoding="UTF-8"?>
<testsuites>
  <testsuite name="hello" timestamp="2024-07-08T09:18:33Z" hostname="f6aab86de5e4" tests="2" skipped="0" failures="0" errors="0" time="0.205">
    <testcase time="0.012" classname="hello" name="hello_works"/>
    <testcase time="0.193" classname="hello" name="hello_cli_works"/>
  </testsuite>
</testsuites>
